<?xml version="1.0" encoding="UTF-8"?>
<testsuite xmlns:xsi="http://www.w3.org/2001/XMLSchema-instance" xsi:noNamespaceSchemaLocation="https://maven.apache.org/surefire/maven-surefire-plugin/xsd/surefire-test-report-3.0.xsd" version="3.0" name="com.water.fzfwificenter.test.JavaCodeAnalyzerTest" time="0.203" tests="4" errors="0" skipped="0" failures="0">
  <properties>
[...]
</properties>
  <testcase name="analyze_emptyString_shouldThrowEmptyInput" classname="com.water.fzfwificenter.test.JavaCodeAnalyzerTest" time="0.021"/>
  <testcase name="analyze_invalidSyntax_shouldThrowParseError" classname="com.water.fzfwificenter.test.JavaCodeAnalyzerTest" time="0.124"/>
  <testcase name="analyze_blankString_shouldThrowEmptyInput" classname="com.water.fzfwificenter.test.JavaCodeAnalyzerTest" time="0.002"/>
  <testcase name="analyze_validCode_shouldSucceed" classname="com.water.fzfwificenter.test.JavaCodeAnalyzerTest" time="0.03"/>
</testsuite>